Jun-18 14:40:48.289 [main] DEBUG nextflow.cli.Launcher - $> nextflow run /Users/gwen/fisseq-data-pipeline --workflow ovwt --input_dir /tmp/nf_debug --bc_threshold 3 --variant_bc_threshold 3 --ovwt_min_cells 25 --downsample_wt 50
Jun-18 14:40:48.337 [main] DEBUG nextflow.plugin.PluginsFacade - Setting up plugin manager > mode=prod; embedded=false; plugins-dir=/Users/gwen/.nextflow/plugins; core-plugins: nf-amazon@3.9.1,nf-azure@1.22.3,nf-cloudcache@0.6.0,nf-codecommit@0.5.2,nf-console@1.3.0,nf-google@1.27.2,nf-k8s@1.5.2,nf-seqera@0.19.1,nf-tower@1.27.0,nf-wave@1.20.0
Jun-18 14:40:48.348 [main] INFO  o.pf4j.DefaultPluginStatusProvider - Enabled plugins: []
Jun-18 14:40:48.349 [main] INFO  o.pf4j.DefaultPluginStatusProvider - Disabled plugins: []
Jun-18 14:40:48.350 [main] INFO  org.pf4j.DefaultPluginManager - PF4J version 3.14.1 in 'deployment' mode
Jun-18 14:40:48.359 [main] DEBUG nextflow.util.RetryConfig - Missing nextflow session - using default retry config
Jun-18 14:40:48.424 [main] DEBUG nextflow.plugin.PluginUpdater - Using plugin repository: HttpPluginRepository [registry]; url=https://registry.nextflow.io/api
Jun-18 14:40:48.427 [main] INFO  org.pf4j.AbstractPluginManager - No plugins
Jun-18 14:40:48.435 [main] DEBUG nextflow.scm.AssetManager - Selecting multi-revision strategy
Jun-18 14:40:48.440 [main] DEBUG nextflow.scm.AssetManager - Project manifest does not exist: /Users/gwen/fisseq-data-pipeline/nextflow.config (No such file or directory)
Jun-18 14:40:48.456 [main] DEBUG nextflow.config.ConfigParserFactory - Using config parser v2
Jun-18 14:40:48.491 [main] DEBUG nextflow.plugin.PluginsFacade - Plugins default=[]
Jun-18 14:40:48.491 [main] DEBUG nextflow.plugin.PluginsFacade - Plugins resolved requirement=[]
Jun-18 14:40:48.500 [main] DEBUG n.secret.LocalSecretsProvider - Secrets store: /Users/gwen/.nextflow/secrets/store.json
Jun-18 14:40:48.505 [main] DEBUG nextflow.secret.SecretsLoader - Discovered secrets providers: [nextflow.secret.LocalSecretsProvider@7c1c5936] - activable => nextflow.secret.LocalSecretsProvider@7c1c5936
Jun-18 14:40:48.552 [main] DEBUG nextflow.Session - Session UUID: ae726bf0-9afe-4a62-a51b-a3f80df4e9c8
Jun-18 14:40:48.553 [main] DEBUG nextflow.Session - Run name: chaotic_mccarthy
Jun-18 14:40:48.553 [main] DEBUG nextflow.Session - Executor pool size: 8
Jun-18 14:40:48.556 [main] DEBUG nextflow.file.FilePorter - File porter settings maxRetries=3; maxTransfers=50; pollTimeout=null
Jun-18 14:40:48.559 [main] DEBUG nextflow.util.ThreadPoolBuilder - Creating thread pool 'FileTransfer' minSize=10; maxSize=24; workQueue=LinkedBlockingQueue[-1]; allowCoreThreadTimeout=false
Jun-18 14:40:48.570 [main] DEBUG nextflow.cli.CmdRun - 
  Version: 26.04.1 build 0
  Created: 11-05-2026 12:38 UTC (05:38 PDT)
  System: Mac OS X 15.2
  Runtime: Groovy 4.0.31 on OpenJDK 64-Bit Server VM 26.0.1
  Encoding: UTF-8 (UTF-8)
  Process: 4932@Gwens-MacBook-Air-4.local [127.0.0.1]
  CPUs: 8 - Mem: 16 GB (1.1 GB) - Swap: 0 (0)
Jun-18 14:40:48.578 [main] DEBUG nextflow.Session - Work-dir: /Users/gwen/fisseq-data-pipeline/work [Mac OS X]
Jun-18 14:40:48.578 [main] DEBUG nextflow.Session - Script base path does not exist or is not a directory: /Users/gwen/fisseq-data-pipeline/bin
Jun-18 14:40:48.581 [main] DEBUG nextflow.executor.ExecutorFactory - Extension executors providers=[]
Jun-18 14:40:48.586 [main] DEBUG nextflow.Session - Observer factory (v2): LinObserverFactory
Jun-18 14:40:48.586 [main] DEBUG nextflow.Session - Observer factory (v2): DefaultObserverFactory
Jun-18 14:40:48.599 [main] DEBUG nextflow.cache.CacheFactory - Using Nextflow cache factory: nextflow.cache.DefaultCacheFactory
Jun-18 14:40:48.602 [main] DEBUG nextflow.util.CustomThreadPool - Creating default thread pool > poolSize: 9; maxThreads: 1000
Jun-18 14:40:48.628 [main] DEBUG nextflow.Session - Session start
Jun-18 14:40:48.631 [main] DEBUG nextflow.script.ScriptLoaderFactory - Using script parser v2
Jun-18 14:40:49.066 [main] DEBUG nextflow.script.ScriptRunner - > Launching execution
Jun-18 14:40:49.203 [main] DEBUG nextflow.executor.ExecutorFactory - << taskConfig executor: null
Jun-18 14:40:49.203 [main] DEBUG nextflow.executor.ExecutorFactory - >> processorType: 'local'
Jun-18 14:40:49.210 [main] DEBUG nextflow.executor.Executor - [warm up] executor > local
Jun-18 14:40:49.213 [main] DEBUG n.processor.LocalPollingMonitor - Creating local task monitor for executor 'local' > cpus=8; memory=16 GB; capacity=8; pollInterval=100ms; dumpInterval=5m
Jun-18 14:40:49.214 [main] DEBUG n.processor.TaskPollingMonitor - >>> barrier register (monitor: local)
Jun-18 14:40:49.232 [main] DEBUG nextflow.processor.TaskProcessor - Creating process 'OvwtPipeline:QC_FILTER': maxForks=0; fair=false; array=0
Jun-18 14:40:49.248 [main] DEBUG nextflow.executor.ExecutorFactory - << taskConfig executor: null
Jun-18 14:40:49.248 [main] DEBUG nextflow.executor.ExecutorFactory - >> processorType: 'local'
Jun-18 14:40:49.248 [main] DEBUG nextflow.processor.TaskProcessor - Creating process 'OvwtPipeline:OVWT_BATCHWISE': maxForks=0; fair=false; array=0
Jun-18 14:40:49.251 [main] DEBUG nextflow.executor.ExecutorFactory - << taskConfig executor: null
Jun-18 14:40:49.251 [main] DEBUG nextflow.executor.ExecutorFactory - >> processorType: 'local'
Jun-18 14:40:49.251 [main] DEBUG nextflow.processor.TaskProcessor - Creating process 'OvwtPipeline:OVWT_CELLSCORES_BATCHWISE': maxForks=0; fair=false; array=0
Jun-18 14:40:49.253 [main] DEBUG nextflow.Session - Process names: PERMANOVA_WT, QC_FILTER, FEATURE_SELECT_BATCHWISE, OvwtPipeline:OVWT_BATCHWISE, FisseqPipeline:PERMANOVA_SYN, FisseqPipeline:FEATURE_SELECT_BATCHWISE, OvwtPipeline:OVWT_CELLSCORES_BATCHWISE, OvwtPipeline:QC_FILTER, FisseqPipeline:PERMANOVA_WT, FisseqPipeline:OVWT_BATCHWISE, OVWT_GLOBAL, FisseqPipeline:NORMALIZE, PERMANOVA_SYN, OVWT_BATCHWISE, FEATURE_SELECT_GLOBAL, FisseqPipeline:OVWT_GLOBAL, OVWT_CELLSCORES_BATCHWISE, FisseqPipeline:FEATURE_SELECT_GLOBAL, FisseqPipeline:QC_FILTER, NORMALIZE
Jun-18 14:40:49.255 [main] DEBUG nextflow.Session - Igniting dataflow network (4)
Jun-18 14:40:49.257 [PathVisitor-1] DEBUG nextflow.file.PathVisitor - files for syntax: glob; folder: /tmp/nf_debug/input/; pattern: *.parquet; options: [:]
Jun-18 14:40:49.258 [main] DEBUG nextflow.processor.TaskProcessor - Starting process > OvwtPipeline:QC_FILTER
Jun-18 14:40:49.258 [main] DEBUG nextflow.processor.TaskProcessor - Starting process > OvwtPipeline:OVWT_BATCHWISE
Jun-18 14:40:49.258 [main] DEBUG nextflow.processor.TaskProcessor - Starting process > OvwtPipeline:OVWT_CELLSCORES_BATCHWISE
Jun-18 14:40:49.258 [main] DEBUG nextflow.script.ScriptRunner - Parsed script files:
  _nf_script_62b9a6b2ea427adf: /Users/gwen/fisseq-data-pipeline/modules/local/permanova_syn.nf
  _nf_script_a6b10ebf34ad6799: /Users/gwen/fisseq-data-pipeline/modules/local/feature_select_global.nf
  _nf_script_edb9d2cfd5eb54a9: /Users/gwen/fisseq-data-pipeline/modules/local/ovwt_batchwise.nf
  _nf_script_e6e1e8a7d2c8bb50: /Users/gwen/fisseq-data-pipeline/workflows/ovwt.nf
  _nf_script_81356311861876d5: /Users/gwen/fisseq-data-pipeline/modules/local/qc_filter.nf
  _nf_script_2bdcff5dd79f9f79: /Users/gwen/fisseq-data-pipeline/modules/local/permanova_wt.nf
  _nf_script_e36cb888014f9cf7: /Users/gwen/fisseq-data-pipeline/modules/local/normalize.nf
  _nf_script_fd3f7ef61d6ccee4: /Users/gwen/fisseq-data-pipeline/modules/local/ovwt_cellscores_batchwise.nf
  _nf_script_baf776ddfae22f4d: /Users/gwen/fisseq-data-pipeline/modules/local/ovwt_global.nf
  _nf_script_40197a81a6051d41: /Users/gwen/fisseq-data-pipeline/workflows/fisseq.nf
  _nf_script_de261806ddcdd475: /Users/gwen/fisseq-data-pipeline/modules/local/feature_select_batchwise.nf
  Main: /Users/gwen/fisseq-data-pipeline/main.nf
Jun-18 14:40:49.259 [main] DEBUG nextflow.script.ScriptRunner - > Awaiting termination 
Jun-18 14:40:49.259 [main] DEBUG nextflow.Session - Session await
Jun-18 14:40:49.343 [Task submitter] DEBUG n.executor.local.LocalTaskHandler - Launch cmd line: /bin/bash -ue .command.run
Jun-18 14:40:49.344 [Task submitter] INFO  nextflow.Session - [e7/0dac84] Submitted process > OvwtPipeline:QC_FILTER (1)
Jun-18 14:40:49.631 [Task monitor] DEBUG n.processor.TaskPollingMonitor - Task completed > TaskHandler[id: 1; name: OvwtPipeline:QC_FILTER (1); status: COMPLETED; exit: 0; error: -; workDir: /Users/gwen/fisseq-data-pipeline/work/e7/0dac84b0493d3505851ff563eea4ea]
Jun-18 14:40:49.632 [Task monitor] DEBUG nextflow.util.ThreadPoolBuilder - Creating thread pool 'TaskFinalizer' minSize=10; maxSize=24; workQueue=LinkedBlockingQueue[-1]; allowCoreThreadTimeout=false
Jun-18 14:40:49.646 [TaskFinalizer-1] DEBUG nextflow.util.ThreadPoolBuilder - Creating thread pool 'PublishDir' minSize=10; maxSize=24; workQueue=LinkedBlockingQueue[-1]; allowCoreThreadTimeout=false
Jun-18 14:40:49.647 [Task submitter] DEBUG n.executor.local.LocalTaskHandler - Launch cmd line: /bin/bash -ue .command.run
Jun-18 14:40:49.647 [Task submitter] INFO  nextflow.Session - [50/1327cb] Submitted process > OvwtPipeline:OVWT_BATCHWISE (1)
Jun-18 14:40:50.456 [Task monitor] DEBUG n.processor.TaskPollingMonitor - Task completed > TaskHandler[id: 2; name: OvwtPipeline:OVWT_BATCHWISE (1); status: COMPLETED; exit: 0; error: -; workDir: /Users/gwen/fisseq-data-pipeline/work/50/1327cb4e1f146a5f38ebbd8b4b604d]
Jun-18 14:40:50.462 [Task submitter] DEBUG n.executor.local.LocalTaskHandler - Launch cmd line: /bin/bash -ue .command.run
Jun-18 14:40:50.462 [Task submitter] INFO  nextflow.Session - [b9/afbe3a] Submitted process > OvwtPipeline:OVWT_CELLSCORES_BATCHWISE (1)
Jun-18 14:40:51.328 [Task monitor] DEBUG n.processor.TaskPollingMonitor - Task completed > TaskHandler[id: 3; name: OvwtPipeline:OVWT_CELLSCORES_BATCHWISE (1); status: COMPLETED; exit: 0; error: -; workDir: /Users/gwen/fisseq-data-pipeline/work/b9/afbe3af720bcdade625005604e1ae6]
Jun-18 14:40:51.330 [main] DEBUG nextflow.Session - Session await > all processes finished
Jun-18 14:40:51.428 [Task monitor] DEBUG n.processor.TaskPollingMonitor - <<< barrier arrives (monitor: local) - terminating tasks monitor poll loop
Jun-18 14:40:51.428 [main] DEBUG nextflow.Session - Session await > all barriers passed
Jun-18 14:40:51.430 [main] DEBUG nextflow.util.ThreadPoolManager - Thread pool 'TaskFinalizer' shutdown completed (hard=false)
Jun-18 14:40:51.430 [main] DEBUG nextflow.util.ThreadPoolManager - Thread pool 'PublishDir' shutdown completed (hard=false)
Jun-18 14:40:51.435 [main] DEBUG n.trace.WorkflowStatsObserver - Workflow completed > WorkflowStats[succeededCount=3; failedCount=0; ignoredCount=0; cachedCount=0; pendingCount=0; submittedCount=0; runningCount=0; retriesCount=0; abortedCount=0; succeedDuration=1.7s; failedDuration=0ms; cachedDuration=0ms;loadCpus=0; loadMemory=0; peakRunning=1; peakCpus=1; peakMemory=0; ]
Jun-18 14:40:51.438 [main] DEBUG nextflow.cache.CacheDB - Closing CacheDB done
Jun-18 14:40:51.444 [main] DEBUG nextflow.util.ThreadPoolManager - Thread pool 'FileTransfer' shutdown completed (hard=false)
Jun-18 14:40:51.444 [main] DEBUG nextflow.script.ScriptRunner - > Execution complete -- Goodbye
